[debug] [2023-01-09T00:25:03.782Z] ----------------------------------------------------------------------
[debug] [2023-01-09T00:25:03.785Z] Command:       C:\Program Files\nodejs\node.exe C:\Users\thomb\AppData\Roaming\npm\node_modules\firebase-tools\lib\bin\firebase.js init hosting
[debug] [2023-01-09T00:25:03.785Z] CLI Version:   11.20.0
[debug] [2023-01-09T00:25:03.786Z] Platform:      win32
[debug] [2023-01-09T00:25:03.786Z] Node Version:  v18.10.0
[debug] [2023-01-09T00:25:03.788Z] Time:          Sun Jan 08 2023 19:25:03 GMT-0500 (Eastern Standard Time)
[debug] [2023-01-09T00:25:03.789Z] ----------------------------------------------------------------------
[debug] 
[debug] [2023-01-09T00:25:03.797Z] > command requires scopes: ["email","openid","https://www.googleapis.com/auth/cloudplatformprojects.readonly","https://www.googleapis.com/auth/firebase","https://www.googleapis.com/auth/cloud-platform"]
[debug] [2023-01-09T00:25:03.798Z] > authorizing via signed-in user (thom.bator@gmail.com)
[info] 
     ######## #### ########  ######## ########     ###     ######  ########
     ##        ##  ##     ## ##       ##     ##  ##   ##  ##       ##
     ######    ##  ########  ######   ########  #########  ######  ######
     ##        ##  ##    ##  ##       ##     ## ##     ##       ## ##
     ##       #### ##     ## ######## ########  ##     ##  ######  ########

You're about to initialize a Firebase project in this directory:

  D:\Thom\dev\Fireship-React-Course\memento

[info] 
=== Project Setup
[info] 
[info] First, let's associate this project directory with a Firebase project.
[info] You can create multiple project aliases by running firebase use --add, 
[info] but for now we'll just set up a default project.
[info] 
[debug] [2023-01-09T00:25:09.254Z] >>> [apiv2][query] GET https://firebase.googleapis.com/v1beta1/projects pageSize=100
[debug] [2023-01-09T00:25:09.755Z] <<< [apiv2][status] GET https://firebase.googleapis.com/v1beta1/projects 200
[debug] [2023-01-09T00:25:09.755Z] <<< [apiv2][body] GET https://firebase.googleapis.com/v1beta1/projects [omitted]
[info] i  Using project fireshipmemoapp (FireshipMemoApp) 
[info] 
=== Hosting Setup
[info] 
[info] Your public directory is the folder (relative to your project directory) that
[info] will contain Hosting assets to be uploaded with firebase deploy. If you
[info] have a build process for your assets, use your build's output directory.
[info] 
[debug] [2023-01-09T00:25:52.378Z] >>> [apiv2][query] GET https://www.gstatic.com/firebasejs/releases.json [none]
[debug] [2023-01-09T00:25:52.439Z] <<< [apiv2][status] GET https://www.gstatic.com/firebasejs/releases.json 200
[debug] [2023-01-09T00:25:52.440Z] <<< [apiv2][body] GET https://www.gstatic.com/firebasejs/releases.json {"current":{"version":"9.15.0","browserURL":"https://www.gstatic.com/firebasejs/9.15.0/firebase.js","packageURL":"https://www.gstatic.com/firebasejs/9.15.0/firebase.tgz"},"live":{"version":"9.15","browserURL":"https://www.gstatic.com/firebasejs/live/9.15/firebase.js","packageURL":"https://www.gstatic.com/firebasejs/live/9.15/firebase.tgz"},"components":{"analytics":"https://www.gstatic.com/firebasejs/9.15.0/firebase-analytics.js","app":"https://www.gstatic.com/firebasejs/9.15.0/firebase-app.js","app-check":"https://www.gstatic.com/firebasejs/9.15.0/firebase-app-check.js","auth":"https://www.gstatic.com/firebasejs/9.15.0/firebase-auth.js","auth/cordova":"https://www.gstatic.com/firebasejs/9.15.0/firebase-auth/cordova.js","auth/react-native":"https://www.gstatic.com/firebasejs/9.15.0/firebase-auth/react-native.js","functions":"https://www.gstatic.com/firebasejs/9.15.0/firebase-functions.js","firestore":"https://www.gstatic.com/firebasejs/9.15.0/firebase-firestore.js","firestore/lite":"https://www.gstatic.com/firebasejs/9.15.0/firebase-firestore/lite.js","installations":"https://www.gstatic.com/firebasejs/9.15.0/firebase-installations.js","storage":"https://www.gstatic.com/firebasejs/9.15.0/firebase-storage.js","performance":"https://www.gstatic.com/firebasejs/9.15.0/firebase-performance.js","remote-config":"https://www.gstatic.com/firebasejs/9.15.0/firebase-remote-config.js","messaging":"https://www.gstatic.com/firebasejs/9.15.0/firebase-messaging.js","messaging/sw":"https://www.gstatic.com/firebasejs/9.15.0/firebase-messaging/sw.js","database":"https://www.gstatic.com/firebasejs/9.15.0/firebase-database.js","firestore.memory":"https://www.gstatic.com/firebasejs/9.15.0/firebase-firestore.memory.js"}}
[info] +  Wrote build/index.html 
[info] 
[info] i  Detected a .git folder at D:\Thom\dev\Fireship-React-Course\memento 
[info] i  Authorizing with GitHub to upload your service account to a GitHub repository's secrets store. 
[info] 
[info] Visit this URL on this device to log in:
[info] https://github.com/login/oauth/authorize?client_id=89cf50f02ac6aaed3484&state=657856962&redirect_uri=http%3A%2F%2Flocalhost%3A9005&scope=read%3Auser%20repo%20public_repo
[info] 
[info] Waiting for authentication...
[debug] [2023-01-09T00:25:59.085Z] >>> [apiv2][query] POST https://github.com/login/oauth/access_token [none]
[debug] [2023-01-09T00:25:59.085Z] >>> [apiv2][body] POST https://github.com/login/oauth/access_token [stream]
[debug] [2023-01-09T00:25:59.317Z] <<< [apiv2][status] POST https://github.com/login/oauth/access_token 200
[debug] [2023-01-09T00:25:59.317Z] <<< [apiv2][body] POST https://github.com/login/oauth/access_token {"access_token":"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","token_type":"bearer","scope":"read:user,repo"}
[debug] [2023-01-09T00:25:59.324Z] >>> [apiv2][query] GET https://api.github.com/user [none]
[debug] [2023-01-09T00:25:59.579Z] <<< [apiv2][status] GET https://api.github.com/user 200
[debug] [2023-01-09T00:25:59.579Z] <<< [apiv2][body] GET https://api.github.com/user {"login":"ThomBator","id":65512118,"node_id":"MDQ6VXNlcjY1NTEyMTE4","avatar_url":"https://avatars.githubusercontent.com/u/65512118?v=4","gravatar_id":"","url":"https://api.github.com/users/ThomBator","html_url":"https://github.com/ThomBator","followers_url":"https://api.github.com/users/ThomBator/followers","following_url":"https://api.github.com/users/ThomBator/following{/other_user}","gists_url":"https://api.github.com/users/ThomBator/gists{/gist_id}","starred_url":"https://api.github.com/users/ThomBator/starred{/owner}{/repo}","subscriptions_url":"https://api.github.com/users/ThomBator/subscriptions","organizations_url":"https://api.github.com/users/ThomBator/orgs","repos_url":"https://api.github.com/users/ThomBator/repos","events_url":"https://api.github.com/users/ThomBator/events{/privacy}","received_events_url":"https://api.github.com/users/ThomBator/received_events","type":"User","site_admin":false,"name":"Thom Bator","company":null,"blog":"","location":"Toronto, Canada ","email":null,"hireable":null,"bio":"Recent Graduate: \r\nB.Sc Computer Science \r\nWestern Governors University ","twitter_username":null,"public_repos":8,"public_gists":0,"followers":0,"following":0,"created_at":"2020-05-17T21:22:50Z","updated_at":"2022-11-21T21:52:30Z","private_gists":0,"total_private_repos":12,"owned_private_repos":12,"disk_usage":31759,"collaborators":0,"two_factor_authentication":false,"plan":{"name":"free","space":976562499,"collaborators":0,"private_repos":10000}}
[info] 
[info] +  Success! Logged into GitHub as ThomBator 
[info] 
